<?xml version="1.0" encoding="UTF-8"?>
<!-- Generated by org.testng.reporters.JUnitReportReporter -->
<testsuite hostname="Mahesh" failures="0" tests="1" name="Selenium.LoginTest" time="9.176" errors="0" timestamp="2023-09-11T12:11:42 IST" skipped="0">
  <testcase classname="Selenium.LoginTest" name="Setup" time="9.176"/>
  <system-out/>
</testsuite> <!-- Selenium.LoginTest -->
