<?xml version="1.0" encoding="UTF-8"?>
<!-- Generated by org.testng.reporters.JUnitReportReporter -->
<testsuite hostname="Mahesh" failures="0" tests="1" name="Selenium.LoginTest" time="6.261" errors="0" timestamp="2023-09-11T12:02:14 IST" skipped="0">
  <testcase classname="Selenium.LoginTest" name="Setup" time="6.261"/>
</testsuite> <!-- Selenium.LoginTest -->
